<?xml version="1.0" encoding="UTF-8"?>
<!-- Generated by org.testng.reporters.JUnitReportReporter -->
<testsuite hostname="LAPTOP-HAGVT14E" failures="0" tests="1" name="servicenow.GetIncidents" time="5.492" errors="0" timestamp="2024-05-06T21:09:45 IST" skipped="0">
  <testcase classname="servicenow.GetIncidents" name="getIncidentsFromServiceNow" time="5.492"/>
</testsuite> <!-- servicenow.GetIncidents -->
