<?xml version="1.0" encoding="UTF-8"?>
<!-- Generated by org.testng.reporters.JUnitReportReporter -->
<testsuite hostname="LAPTOP-HAGVT14E" failures="0" tests="2" name="chaining.CreateNewProblem" time="6.339" errors="0" timestamp="2024-05-09T13:17:17 IST" skipped="0">
  <testcase classname="chaining.CreateNewProblem" name="createNewProblem" time="3.836"/>
  <system-out/>
  <testcase classname="chaining.CreateNewProblem" name="createNewProblem" time="2.503"/>
  <system-out/>
</testsuite> <!-- chaining.CreateNewProblem -->
