<?xml version="1.0" encoding="UTF-8"?>
<!-- Generated by org.testng.reporters.JUnitReportReporter -->
<testsuite hostname="LAPTOP-HAGVT14E" failures="0" tests="1" name="changerequest.DeleteChangeRequest" time="4.870" errors="0" timestamp="2024-05-08T14:03:02 IST" skipped="0">
  <testcase classname="changerequest.DeleteChangeRequest" name="deleteChangeRequest" time="4.870"/>
</testsuite> <!-- changerequest.DeleteChangeRequest -->
