<?xml version="1.0" encoding="UTF-8"?>
<!-- Generated by org.testng.reporters.JUnitReportReporter -->
<testsuite hostname="LAPTOP-HAGVT14E" failures="0" tests="1" name="changerequest.UpdateChangeRequest" time="3.913" errors="0" timestamp="2024-05-08T14:00:10 IST" skipped="0">
  <testcase classname="changerequest.UpdateChangeRequest" name="updateCR" time="3.913"/>
</testsuite> <!-- changerequest.UpdateChangeRequest -->
