<?xml version="1.0" encoding="UTF-8"?>
<!-- Generated by org.testng.reporters.JUnitReportReporter -->
<testsuite hostname="LAPTOP-HAGVT14E" failures="0" tests="1" name="servicenow.CreateNewProblem" time="3.385" errors="0" timestamp="2024-05-13T15:07:02 IST" skipped="0">
  <testcase classname="servicenow.CreateNewProblem" name="createNewProblem" time="3.385"/>
  <system-out/>
</testsuite> <!-- servicenow.CreateNewProblem -->
