<?xml version="1.0" encoding="UTF-8"?>
<!-- Generated by org.testng.reporters.JUnitReportReporter -->
<testsuite hostname="LAPTOP-HAGVT14E" failures="0" tests="1" name="chaining.GetAllProblems" time="3.961" errors="0" timestamp="2024-05-09T13:09:05 IST" skipped="0">
  <testcase classname="chaining.GetAllProblems" name="getAllProblems" time="3.961"/>
  <system-out/>
</testsuite> <!-- chaining.GetAllProblems -->
