<?xml version="1.0" encoding="UTF-8"?>
<!-- Generated by org.testng.reporters.JUnitReportReporter -->
<testsuite hostname="LAPTOP-HAGVT14E" failures="0" tests="1" name="servicenow.GetAllProblemWithOAuth" time="3.121" errors="0" timestamp="2024-05-09T19:39:06 IST" skipped="0">
  <testcase classname="servicenow.GetAllProblemWithOAuth" name="getAllProblem" time="3.121"/>
  <system-out/>
</testsuite> <!-- servicenow.GetAllProblemWithOAuth -->
