<?xml version="1.0" encoding="UTF-8"?>
<!-- Generated by org.testng.reporters.JUnitReportReporter -->
<testsuite hostname="LAPTOP-HAGVT14E" failures="0" tests="1" name="changerequest.GetAllChangeRequests" time="4.445" errors="0" timestamp="2024-05-08T13:45:13 IST" skipped="0">
  <testcase classname="changerequest.GetAllChangeRequests" name="getAllChangeRequests" time="4.445"/>
</testsuite> <!-- changerequest.GetAllChangeRequests -->
