<?xml version="1.0" encoding="UTF-8"?>
<!-- Generated by org.testng.reporters.JUnitReportReporter -->
<testsuite hostname="LAPTOP-HAGVT14E" failures="0" tests="2" name="changerequest.CreateNewChangeRequest" time="7.003" errors="0" timestamp="2024-05-08T13:50:48 IST" skipped="0">
  <testcase classname="changerequest.CreateNewChangeRequest" name="createNewCR" time="4.663"/>
  <testcase classname="changerequest.CreateNewChangeRequest" name="createNewCR" time="2.340"/>
</testsuite> <!-- changerequest.CreateNewChangeRequest -->
