<?xml version="1.0" encoding="UTF-8"?>
<!-- Generated by org.testng.reporters.JUnitReportReporter -->
<testsuite hostname="LAPTOP-HAGVT14E" failures="0" tests="6" name="cucumber.runner.ChangeRequestRunner" time="17.181" errors="0" timestamp="2024-05-14T18:36:32 IST" skipped="0">
  <testcase classname="cucumber.runner.ChangeRequestRunner" name="runScenario" time="2.359"/>
  <system-out/>
  <testcase classname="cucumber.runner.ChangeRequestRunner" name="runScenario" time="2.380"/>
  <system-out/>
  <testcase classname="cucumber.runner.ChangeRequestRunner" name="runScenario" time="4.050"/>
  <system-out/>
  <testcase classname="cucumber.runner.ChangeRequestRunner" name="runScenario" time="3.294"/>
  <system-out/>
  <testcase classname="cucumber.runner.ChangeRequestRunner" name="runScenario" time="2.346"/>
  <system-out/>
  <testcase classname="cucumber.runner.ChangeRequestRunner" name="runScenario" time="2.752"/>
  <system-out/>
</testsuite> <!-- cucumber.runner.ChangeRequestRunner -->
