<?xml version="1.0" encoding="UTF-8"?>
<!-- Generated by org.testng.reporters.JUnitReportReporter -->
<testsuite hostname="LAPTOP-HAGVT14E" failures="0" tests="1" name="chaining.DeleteProblem" time="3.003" errors="0" timestamp="2024-05-09T13:17:17 IST" skipped="0">
  <testcase classname="chaining.DeleteProblem" name="deleteExistingProblem" time="3.003"/>
  <system-out/>
</testsuite> <!-- chaining.DeleteProblem -->
